
[20171109074407] Started Test Case: tC1_RegisterToTheSite
PASS , StepID 0: Application has been opened successfully
PASS , StepID 1: Successfully clicked on the Register
PASS , StepID 2: Register: Mercury Tours is displayed.
PASS , StepID 3: Entered value: f-20171109074420 in the FirstName
PASS , StepID 3: Entered value: l-20171109074420 in the LastName
PASS , StepID 3: Entered value: 8888888888 in the Phone
PASS , StepID 3: Entered value: user@newtour.com in the Email
PASS , StepID 3: Entered value: Rajeev gandhi Park, Phase 1, Hinjewadi in the Address
PASS , StepID 3: Entered value: Pune in the City
PASS , StepID 3: Entered value: 411057 in the Postal Code
PASS , StepID 3: Selected: 'INDIA' in the dropdown Country dropdown
PASS , StepID 3: Entered value: Maharashtra in the State
PASS , StepID 3: Entered value: user20171109074420 in the Username
PASS , StepID 3: Entered value: pass20171109074420 in the Password
PASS , StepID 3: Entered value: pass20171109074420 in the Confirm Password
PASS , StepID 3: Successfully clicked on the Submit
PASS , StepID 3: Entered data successfully
[20171109074425] Test Case Completed
[20171109074533] Started Test Case: tC1_RegisterToTheSite
PASS , StepID 0: Application has been opened successfully
PASS , StepID 1: Successfully clicked on the Register
PASS , StepID 2: Register: Mercury Tours is displayed.
PASS , StepID 3: Entered value: f-20171109074544 in the FirstName
PASS , StepID 3: Entered value: l-20171109074544 in the LastName
PASS , StepID 3: Entered value: 8888888888 in the Phone
PASS , StepID 3: Entered value: user@newtour.com in the Email
PASS , StepID 3: Entered value: Rajeev gandhi Park, Phase 1, Hinjewadi in the Address
PASS , StepID 3: Entered value: Pune in the City
PASS , StepID 3: Entered value: 411057 in the Postal Code
PASS , StepID 3: Selected: 'INDIA' in the dropdown Country dropdown
PASS , StepID 3: Entered value: Maharashtra in the State
PASS , StepID 3: Entered value: user20171109074544 in the Username
PASS , StepID 3: Entered value: pass20171109074544 in the Password
PASS , StepID 3: Entered value: pass20171109074544 in the Confirm Password
PASS , StepID 3: Successfully clicked on the Submit
PASS , StepID 3: Entered data successfully
[20171109074549] Test Case Completed
